2020-02-13 20:56:07.324  INFO 2873 --- [restartedMain] c.e.community.CommunityApplication       : Starting CommunityApplication on xuenhaodeMacBook-Pro.local with PID 2873 (/Users/xuenhao/Documents/community/target/classes started by xuenhao in /Users/xuenhao/Documents/community)
2020-02-13 20:56:07.328  INFO 2873 --- [restartedMain] c.e.community.CommunityApplication       : No active profile set, falling back to default profiles: default
2020-02-13 20:56:07.398  INFO 2873 --- [restartedMain] .e.DevToolsPropertyDefaultsPostProcessor : Devtools property defaults active! Set 'spring.devtools.add-properties' to 'false' to disable
2020-02-13 20:56:07.399  INFO 2873 --- [restartedMain] .e.DevToolsPropertyDefaultsPostProcessor : For additional web related logging consider setting the 'logging.level.web' property to 'DEBUG'
2020-02-13 20:56:09.328  INFO 2873 --- [restartedMain] o.s.b.w.embedded.tomcat.TomcatWebServer  : Tomcat initialized with port(s): 8877 (http)
2020-02-13 20:56:09.345  INFO 2873 --- [restartedMain] o.apache.catalina.core.StandardService   : Starting service [Tomcat]
2020-02-13 20:56:09.345  INFO 2873 --- [restartedMain] org.apache.catalina.core.StandardEngine  : Starting Servlet engine: [Apache Tomcat/9.0.30]
2020-02-13 20:56:09.447  INFO 2873 --- [restartedMain] o.a.c.c.C.[Tomcat].[localhost].[/]       : Initializing Spring embedded WebApplicationContext
2020-02-13 20:56:09.448  INFO 2873 --- [restartedMain] o.s.web.context.ContextLoader            : Root WebApplicationContext: initialization completed in 2048 ms
2020-02-13 20:56:09.524  INFO 2873 --- [restartedMain] com.zaxxer.hikari.HikariDataSource       : HikariPool-1 - Starting...
2020-02-13 20:56:09.733  INFO 2873 --- [restartedMain] com.zaxxer.hikari.HikariDataSource       : HikariPool-1 - Start completed.
2020-02-13 20:56:09.739  INFO 2873 --- [restartedMain] o.s.b.a.h2.H2ConsoleAutoConfiguration    : H2 console available at '/h2-console'. Database available at 'jdbc:h2:~/community'
2020-02-13 20:56:10.273  INFO 2873 --- [restartedMain] o.s.s.concurrent.ThreadPoolTaskExecutor  : Initializing ExecutorService 'applicationTaskExecutor'
2020-02-13 20:56:10.379  INFO 2873 --- [restartedMain] o.s.b.a.w.s.WelcomePageHandlerMapping    : Adding welcome page template: index
2020-02-13 20:56:10.636  INFO 2873 --- [restartedMain] o.s.b.d.a.OptionalLiveReloadServer       : LiveReload server is running on port 35729
2020-02-13 20:56:10.751  INFO 2873 --- [restartedMain] o.s.b.w.embedded.tomcat.TomcatWebServer  : Tomcat started on port(s): 8877 (http) with context path ''
2020-02-13 20:56:10.759  INFO 2873 --- [restartedMain] c.e.community.CommunityApplication       : Started CommunityApplication in 9.028 seconds (JVM running for 10.075)
2020-02-13 20:57:26.005  INFO 2873 --- [SpringContextShutdownHook] o.s.s.concurrent.ThreadPoolTaskExecutor  : Shutting down ExecutorService 'applicationTaskExecutor'
2020-02-13 20:57:26.007  INFO 2873 --- [SpringContextShutdownHook] com.zaxxer.hikari.HikariDataSource       : HikariPool-1 - Shutdown initiated...
2020-02-13 20:57:26.011  INFO 2873 --- [SpringContextShutdownHook] com.zaxxer.hikari.HikariDataSource       : HikariPool-1 - Shutdown completed.
